<?xml version="1.0" encoding="UTF-8"?>
<coverage generated="1785901461545" clover="3.2.0">
  <project timestamp="1785901461545" name="All files">
    <metrics statements="92" coveredstatements="92" conditionals="41" coveredconditionals="38" methods="17" coveredmethods="17" elements="150" coveredelements="147" complexity="0" loc="92" ncloc="92" packages="1" files="1" classes="1"/>
    <file name="constellusService.ts" path="/home/runner/work/HermesOS-/HermesOS-/services/constellusService.ts">
      <metrics statements="92" coveredstatements="92" conditionals="41" coveredconditionals="38" methods="17" coveredmethods="17"/>
      <line num="12" count="10" type="stmt"/>
      <line num="29" count="1" type="stmt"/>
      <line num="30" count="15" type="stmt"/>
      <line num="31" count="15" type="stmt"/>
      <line num="35" count="15" type="stmt"/>
      <line num="39" count="29" type="stmt"/>
      <line num="40" count="29" type="stmt"/>
      <line num="41" count="29" type="stmt"/>
      <line num="45" count="51" type="cond" truecount="2" falsecount="0"/>
      <line num="46" count="29" type="stmt"/>
      <line num="49" count="22" type="cond" truecount="2" falsecount="0"/>
      <line num="50" count="7" type="stmt"/>
      <line num="52" count="15" type="stmt"/>
      <line num="56" count="22" type="stmt"/>
      <line num="57" count="22" type="stmt"/>
      <line num="61" count="22" type="stmt"/>
      <line num="64" count="22" type="cond" truecount="2" falsecount="0"/>
      <line num="65" count="2" type="cond" truecount="2" falsecount="0"/>
      <line num="66" count="1" type="stmt"/>
      <line num="68" count="2" type="stmt"/>
      <line num="71" count="20" type="cond" truecount="2" falsecount="0"/>
      <line num="72" count="4" type="cond" truecount="2" falsecount="0"/>
      <line num="73" count="1" type="stmt"/>
      <line num="75" count="4" type="stmt"/>
      <line num="77" count="16" type="stmt"/>
      <line num="81" count="5" type="stmt"/>
      <line num="82" count="5" type="stmt"/>
      <line num="83" count="5" type="stmt"/>
      <line num="84" count="5" type="stmt"/>
      <line num="85" count="5" type="stmt"/>
      <line num="86" count="5" type="stmt"/>
      <line num="87" count="5" type="stmt"/>
      <line num="91" count="3" type="stmt"/>
      <line num="92" count="3" type="stmt"/>
      <line num="93" count="3" type="stmt"/>
      <line num="94" count="3" type="stmt"/>
      <line num="95" count="3" type="stmt"/>
      <line num="96" count="3" type="stmt"/>
      <line num="97" count="3" type="stmt"/>
      <line num="101" count="143" type="cond" truecount="2" falsecount="0"/>
      <line num="105" count="32" type="cond" truecount="1" falsecount="1"/>
      <line num="116" count="9" type="cond" truecount="2" falsecount="0"/>
      <line num="117" count="1" type="stmt"/>
      <line num="120" count="8" type="stmt"/>
      <line num="121" count="8" type="stmt"/>
      <line num="122" count="8" type="stmt"/>
      <line num="131" count="23" type="cond" truecount="2" falsecount="0"/>
      <line num="133" count="8" type="cond" truecount="1" falsecount="1"/>
      <line num="134" count="8" type="stmt"/>
      <line num="136" count="8" type="cond" truecount="4" falsecount="0"/>
      <line num="137" count="7" type="stmt"/>
      <line num="140" count="8" type="cond" truecount="2" falsecount="0"/>
      <line num="141" count="7" type="stmt"/>
      <line num="151" count="8" type="stmt"/>
      <line num="155" count="2" type="stmt"/>
      <line num="165" count="1" type="stmt"/>
      <line num="166" count="7" type="stmt"/>
      <line num="174" count="2" type="stmt"/>
      <line num="179" count="2" type="stmt"/>
      <line num="180" count="2" type="stmt"/>
      <line num="181" count="2" type="cond" truecount="2" falsecount="0"/>
      <line num="182" count="1" type="stmt"/>
      <line num="184" count="1" type="stmt"/>
      <line num="186" count="2" type="stmt"/>
      <line num="196" count="3" type="stmt"/>
      <line num="197" count="3" type="stmt"/>
      <line num="198" count="3" type="stmt"/>
      <line num="199" count="3" type="stmt"/>
      <line num="201" count="3" type="stmt"/>
      <line num="203" count="3" type="cond" truecount="2" falsecount="0"/>
      <line num="204" count="2" type="stmt"/>
      <line num="205" count="2" type="cond" truecount="2" falsecount="0"/>
      <line num="206" count="1" type="stmt"/>
      <line num="208" count="1" type="stmt"/>
      <line num="210" count="2" type="stmt"/>
      <line num="215" count="2" type="stmt"/>
      <line num="216" count="2" type="stmt"/>
      <line num="218" count="3" type="stmt"/>
      <line num="228" count="3" type="cond" truecount="2" falsecount="0"/>
      <line num="229" count="2" type="stmt"/>
      <line num="230" count="2" type="cond" truecount="2" falsecount="0"/>
      <line num="231" count="1" type="stmt"/>
      <line num="233" count="1" type="stmt"/>
      <line num="238" count="2" type="stmt"/>
      <line num="239" count="2" type="stmt"/>
      <line num="240" count="2" type="stmt"/>
      <line num="242" count="2" type="stmt"/>
      <line num="243" count="2" type="cond" truecount="2" falsecount="0"/>
      <line num="244" count="1" type="stmt"/>
      <line num="246" count="1" type="stmt"/>
      <line num="248" count="2" type="stmt"/>
      <line num="250" count="1" type="stmt"/>
    </file>
  </project>
</coverage>
