{"/home/runner/work/HermesOS-/HermesOS-/services/constellusService.ts": {"path":"/home/runner/work/HermesOS-/HermesOS-/services/constellusService.ts","statementMap":{"0":{"start":{"line":12,"column":18},"end":{"line":12,"column":60}},"1":{"start":{"line":12,"column":42},"end":{"line":12,"column":60}},"2":{"start":{"line":30,"column":12},"end":{"line":30,"column":43}},"3":{"start":{"line":31,"column":10},"end":{"line":31,"column":38}},"4":{"start":{"line":35,"column":4},"end":{"line":35,"column":25}},"5":{"start":{"line":39,"column":4},"end":{"line":39,"column":47}},"6":{"start":{"line":40,"column":4},"end":{"line":40,"column":27}},"7":{"start":{"line":41,"column":4},"end":{"line":41,"column":66}},"8":{"start":{"line":45,"column":4},"end":{"line":47,"column":5}},"9":{"start":{"line":46,"column":6},"end":{"line":46,"column":59}},"10":{"start":{"line":49,"column":4},"end":{"line":53,"column":5}},"11":{"start":{"line":50,"column":6},"end":{"line":50,"column":49}},"12":{"start":{"line":52,"column":6},"end":{"line":52,"column":51}},"13":{"start":{"line":56,"column":4},"end":{"line":56,"column":82}},"14":{"start":{"line":57,"column":4},"end":{"line":57,"column":31}},"15":{"start":{"line":61,"column":20},"end":{"line":61,"column":42}},"16":{"start":{"line":64,"column":4},"end":{"line":69,"column":5}},"17":{"start":{"line":65,"column":6},"end":{"line":67,"column":7}},"18":{"start":{"line":66,"column":8},"end":{"line":66,"column":49}},"19":{"start":{"line":68,"column":6},"end":{"line":68,"column":37}},"20":{"start":{"line":71,"column":4},"end":{"line":76,"column":5}},"21":{"start":{"line":72,"column":6},"end":{"line":74,"column":7}},"22":{"start":{"line":73,"column":8},"end":{"line":73,"column":52}},"23":{"start":{"line":75,"column":6},"end":{"line":75,"column":36}},"24":{"start":{"line":77,"column":4},"end":{"line":77,"column":16}},"25":{"start":{"line":81,"column":14},"end":{"line":81,"column":22}},"26":{"start":{"line":82,"column":15},"end":{"line":82,"column":21}},"27":{"start":{"line":83,"column":4},"end":{"line":83,"column":15}},"28":{"start":{"line":84,"column":4},"end":{"line":84,"column":17}},"29":{"start":{"line":85,"column":4},"end":{"line":85,"column":73}},"30":{"start":{"line":86,"column":4},"end":{"line":86,"column":73}},"31":{"start":{"line":87,"column":4},"end":{"line":87,"column":13}},"32":{"start":{"line":91,"column":14},"end":{"line":91,"column":21}},"33":{"start":{"line":92,"column":15},"end":{"line":92,"column":22}},"34":{"start":{"line":93,"column":4},"end":{"line":93,"column":16}},"35":{"start":{"line":94,"column":4},"end":{"line":94,"column":16}},"36":{"start":{"line":95,"column":4},"end":{"line":95,"column":73}},"37":{"start":{"line":96,"column":4},"end":{"line":96,"column":73}},"38":{"start":{"line":97,"column":4},"end":{"line":97,"column":13}},"39":{"start":{"line":101,"column":4},"end":{"line":101,"column":34}},"40":{"start":{"line":105,"column":4},"end":{"line":105,"column":73}},"41":{"start":{"line":116,"column":4},"end":{"line":118,"column":5}},"42":{"start":{"line":117,"column":6},"end":{"line":117,"column":61}},"43":{"start":{"line":120,"column":35},"end":{"line":120,"column":37}},"44":{"start":{"line":121,"column":4},"end":{"line":121,"column":65}},"45":{"start":{"line":122,"column":4},"end":{"line":122,"column":19}},"46":{"start":{"line":131,"column":4},"end":{"line":143,"column":5}},"47":{"start":{"line":133,"column":6},"end":{"line":135,"column":7}},"48":{"start":{"line":134,"column":8},"end":{"line":134,"column":69}},"49":{"start":{"line":136,"column":6},"end":{"line":138,"column":7}},"50":{"start":{"line":137,"column":8},"end":{"line":137,"column":33}},"51":{"start":{"line":140,"column":6},"end":{"line":142,"column":7}},"52":{"start":{"line":141,"column":8},"end":{"line":141,"column":70}},"53":{"start":{"line":151,"column":4},"end":{"line":151,"column":32}},"54":{"start":{"line":155,"column":4},"end":{"line":155,"column":29}},"55":{"start":{"line":29,"column":0},"end":{"line":29,"column":13}},"56":{"start":{"line":166,"column":10},"end":{"line":166,"column":37}},"57":{"start":{"line":174,"column":31},"end":{"line":178,"column":6}},"58":{"start":{"line":179,"column":16},"end":{"line":179,"column":34}},"59":{"start":{"line":180,"column":20},"end":{"line":180,"column":94}},"60":{"start":{"line":181,"column":4},"end":{"line":185,"column":5}},"61":{"start":{"line":182,"column":6},"end":{"line":182,"column":27}},"62":{"start":{"line":184,"column":6},"end":{"line":184,"column":27}},"63":{"start":{"line":186,"column":4},"end":{"line":186,"column":15}},"64":{"start":{"line":196,"column":18},"end":{"line":196,"column":37}},"65":{"start":{"line":197,"column":4},"end":{"line":197,"column":41}},"66":{"start":{"line":198,"column":16},"end":{"line":198,"column":35}},"67":{"start":{"line":199,"column":4},"end":{"line":199,"column":37}},"68":{"start":{"line":201,"column":18},"end":{"line":201,"column":68}},"69":{"start":{"line":203,"column":4},"end":{"line":217,"column":5}},"70":{"start":{"line":204,"column":22},"end":{"line":204,"column":75}},"71":{"start":{"line":205,"column":6},"end":{"line":209,"column":7}},"72":{"start":{"line":206,"column":8},"end":{"line":206,"column":29}},"73":{"start":{"line":208,"column":8},"end":{"line":208,"column":29}},"74":{"start":{"line":210,"column":37},"end":{"line":214,"column":8}},"75":{"start":{"line":215,"column":6},"end":{"line":215,"column":29}},"76":{"start":{"line":216,"column":6},"end":{"line":216,"column":28}},"77":{"start":{"line":218,"column":4},"end":{"line":218,"column":19}},"78":{"start":{"line":228,"column":4},"end":{"line":249,"column":5}},"79":{"start":{"line":229,"column":22},"end":{"line":229,"column":84}},"80":{"start":{"line":230,"column":6},"end":{"line":234,"column":7}},"81":{"start":{"line":231,"column":8},"end":{"line":231,"column":29}},"82":{"start":{"line":233,"column":8},"end":{"line":233,"column":29}},"83":{"start":{"line":238,"column":6},"end":{"line":238,"column":23}},"84":{"start":{"line":239,"column":6},"end":{"line":239,"column":29}},"85":{"start":{"line":240,"column":6},"end":{"line":240,"column":28}},"86":{"start":{"line":242,"column":18},"end":{"line":242,"column":113}},"87":{"start":{"line":243,"column":6},"end":{"line":247,"column":7}},"88":{"start":{"line":244,"column":8},"end":{"line":244,"column":25}},"89":{"start":{"line":246,"column":8},"end":{"line":246,"column":25}},"90":{"start":{"line":248,"column":6},"end":{"line":248,"column":17}},"91":{"start":{"line":250,"column":4},"end":{"line":250,"column":63}},"92":{"start":{"line":165,"column":0},"end":{"line":165,"column":13}}},"fnMap":{"0":{"name":"(anonymous_0)","decl":{"start":{"line":12,"column":18},"end":{"line":12,"column":19}},"loc":{"start":{"line":12,"column":42},"end":{"line":12,"column":60}}},"1":{"name":"(anonymous_1)","decl":{"start":{"line":34,"column":2},"end":{"line":34,"column":14}},"loc":{"start":{"line":34,"column":48},"end":{"line":36,"column":3}}},"2":{"name":"(anonymous_2)","decl":{"start":{"line":38,"column":2},"end":{"line":38,"column":8}},"loc":{"start":{"line":38,"column":27},"end":{"line":42,"column":3}}},"3":{"name":"(anonymous_3)","decl":{"start":{"line":44,"column":12},"end":{"line":44,"column":19}},"loc":{"start":{"line":44,"column":63},"end":{"line":58,"column":3}}},"4":{"name":"(anonymous_4)","decl":{"start":{"line":60,"column":12},"end":{"line":60,"column":20}},"loc":{"start":{"line":60,"column":37},"end":{"line":78,"column":3}}},"5":{"name":"(anonymous_5)","decl":{"start":{"line":80,"column":12},"end":{"line":80,"column":23}},"loc":{"start":{"line":80,"column":37},"end":{"line":88,"column":3}}},"6":{"name":"(anonymous_6)","decl":{"start":{"line":90,"column":12},"end":{"line":90,"column":24}},"loc":{"start":{"line":90,"column":38},"end":{"line":98,"column":3}}},"7":{"name":"(anonymous_7)","decl":{"start":{"line":100,"column":12},"end":{"line":100,"column":19}},"loc":{"start":{"line":100,"column":43},"end":{"line":102,"column":3}}},"8":{"name":"(anonymous_8)","decl":{"start":{"line":104,"column":12},"end":{"line":104,"column":23}},"loc":{"start":{"line":104,"column":47},"end":{"line":106,"column":3}}},"9":{"name":"(anonymous_9)","decl":{"start":{"line":115,"column":2},"end":{"line":115,"column":13}},"loc":{"start":{"line":115,"column":46},"end":{"line":123,"column":3}}},"10":{"name":"(anonymous_10)","decl":{"start":{"line":125,"column":12},"end":{"line":125,"column":29}},"loc":{"start":{"line":129,"column":26},"end":{"line":144,"column":3}}},"11":{"name":"(anonymous_11)","decl":{"start":{"line":150,"column":9},"end":{"line":150,"column":19}},"loc":{"start":{"line":150,"column":19},"end":{"line":152,"column":3}}},"12":{"name":"(anonymous_12)","decl":{"start":{"line":154,"column":12},"end":{"line":154,"column":27}},"loc":{"start":{"line":154,"column":27},"end":{"line":156,"column":3}}},"13":{"name":"(anonymous_13)","decl":{"start":{"line":165,"column":0},"end":{"line":165,"column":13}},"loc":{"start":{"line":165,"column":0},"end":{"line":252,"column":1}}},"14":{"name":"(anonymous_14)","decl":{"start":{"line":173,"column":2},"end":{"line":173,"column":20}},"loc":{"start":{"line":173,"column":44},"end":{"line":187,"column":3}}},"15":{"name":"(anonymous_15)","decl":{"start":{"line":195,"column":2},"end":{"line":195,"column":16}},"loc":{"start":{"line":195,"column":32},"end":{"line":219,"column":3}}},"16":{"name":"(anonymous_16)","decl":{"start":{"line":227,"column":2},"end":{"line":227,"column":14}},"loc":{"start":{"line":227,"column":37},"end":{"line":251,"column":3}}}},"branchMap":{"0":{"loc":{"start":{"line":45,"column":4},"end":{"line":47,"column":5}},"type":"if","locations":[{"start":{"line":45,"column":4},"end":{"line":47,"column":5}},{"start":{},"end":{}}]},"1":{"loc":{"start":{"line":49,"column":4},"end":{"line":53,"column":5}},"type":"if","locations":[{"start":{"line":49,"column":4},"end":{"line":53,"column":5}},{"start":{"line":51,"column":11},"end":{"line":53,"column":5}}]},"2":{"loc":{"start":{"line":64,"column":4},"end":{"line":69,"column":5}},"type":"if","locations":[{"start":{"line":64,"column":4},"end":{"line":69,"column":5}},{"start":{},"end":{}}]},"3":{"loc":{"start":{"line":65,"column":6},"end":{"line":67,"column":7}},"type":"if","locations":[{"start":{"line":65,"column":6},"end":{"line":67,"column":7}},{"start":{},"end":{}}]},"4":{"loc":{"start":{"line":71,"column":4},"end":{"line":76,"column":5}},"type":"if","locations":[{"start":{"line":71,"column":4},"end":{"line":76,"column":5}},{"start":{},"end":{}}]},"5":{"loc":{"start":{"line":72,"column":6},"end":{"line":74,"column":7}},"type":"if","locations":[{"start":{"line":72,"column":6},"end":{"line":74,"column":7}},{"start":{},"end":{}}]},"6":{"loc":{"start":{"line":101,"column":11},"end":{"line":101,"column":33}},"type":"cond-expr","locations":[{"start":{"line":101,"column":18},"end":{"line":101,"column":29}},{"start":{"line":101,"column":32},"end":{"line":101,"column":33}}]},"7":{"loc":{"start":{"line":105,"column":11},"end":{"line":105,"column":72}},"type":"cond-expr","locations":[{"start":{"line":105,"column":18},"end":{"line":105,"column":68}},{"start":{"line":105,"column":71},"end":{"line":105,"column":72}}]},"8":{"loc":{"start":{"line":116,"column":4},"end":{"line":118,"column":5}},"type":"if","locations":[{"start":{"line":116,"column":4},"end":{"line":118,"column":5}},{"start":{},"end":{}}]},"9":{"loc":{"start":{"line":131,"column":4},"end":{"line":143,"column":5}},"type":"if","locations":[{"start":{"line":131,"column":4},"end":{"line":143,"column":5}},{"start":{},"end":{}}]},"10":{"loc":{"start":{"line":133,"column":6},"end":{"line":135,"column":7}},"type":"if","locations":[{"start":{"line":133,"column":6},"end":{"line":135,"column":7}},{"start":{},"end":{}}]},"11":{"loc":{"start":{"line":136,"column":6},"end":{"line":138,"column":7}},"type":"if","locations":[{"start":{"line":136,"column":6},"end":{"line":138,"column":7}},{"start":{},"end":{}}]},"12":{"loc":{"start":{"line":136,"column":10},"end":{"line":136,"column":76}},"type":"binary-expr","locations":[{"start":{"line":136,"column":10},"end":{"line":136,"column":42}},{"start":{"line":136,"column":46},"end":{"line":136,"column":76}}]},"13":{"loc":{"start":{"line":140,"column":6},"end":{"line":142,"column":7}},"type":"if","locations":[{"start":{"line":140,"column":6},"end":{"line":142,"column":7}},{"start":{},"end":{}}]},"14":{"loc":{"start":{"line":181,"column":4},"end":{"line":185,"column":5}},"type":"if","locations":[{"start":{"line":181,"column":4},"end":{"line":185,"column":5}},{"start":{"line":183,"column":11},"end":{"line":185,"column":5}}]},"15":{"loc":{"start":{"line":203,"column":4},"end":{"line":217,"column":5}},"type":"if","locations":[{"start":{"line":203,"column":4},"end":{"line":217,"column":5}},{"start":{},"end":{}}]},"16":{"loc":{"start":{"line":205,"column":6},"end":{"line":209,"column":7}},"type":"if","locations":[{"start":{"line":205,"column":6},"end":{"line":209,"column":7}},{"start":{"line":207,"column":13},"end":{"line":209,"column":7}}]},"17":{"loc":{"start":{"line":227,"column":15},"end":{"line":227,"column":37}},"type":"default-arg","locations":[{"start":{"line":227,"column":35},"end":{"line":227,"column":37}}]},"18":{"loc":{"start":{"line":228,"column":4},"end":{"line":249,"column":5}},"type":"if","locations":[{"start":{"line":228,"column":4},"end":{"line":249,"column":5}},{"start":{},"end":{}}]},"19":{"loc":{"start":{"line":230,"column":6},"end":{"line":234,"column":7}},"type":"if","locations":[{"start":{"line":230,"column":6},"end":{"line":234,"column":7}},{"start":{"line":232,"column":13},"end":{"line":234,"column":7}}]},"20":{"loc":{"start":{"line":243,"column":6},"end":{"line":247,"column":7}},"type":"if","locations":[{"start":{"line":243,"column":6},"end":{"line":247,"column":7}},{"start":{"line":245,"column":13},"end":{"line":247,"column":7}}]}},"s":{"0":1,"1":10,"2":15,"3":15,"4":15,"5":29,"6":29,"7":29,"8":51,"9":29,"10":22,"11":7,"12":15,"13":22,"14":22,"15":22,"16":22,"17":2,"18":1,"19":2,"20":20,"21":4,"22":1,"23":4,"24":16,"25":5,"26":5,"27":5,"28":5,"29":5,"30":5,"31":5,"32":3,"33":3,"34":3,"35":3,"36":3,"37":3,"38":3,"39":143,"40":32,"41":9,"42":1,"43":8,"44":8,"45":8,"46":23,"47":8,"48":8,"49":8,"50":7,"51":8,"52":7,"53":8,"54":2,"55":1,"56":7,"57":2,"58":2,"59":2,"60":2,"61":1,"62":1,"63":2,"64":3,"65":3,"66":3,"67":3,"68":3,"69":3,"70":2,"71":2,"72":1,"73":1,"74":2,"75":2,"76":2,"77":3,"78":3,"79":2,"80":2,"81":1,"82":1,"83":2,"84":2,"85":2,"86":2,"87":2,"88":1,"89":1,"90":2,"91":1,"92":1},"f":{"0":10,"1":15,"2":29,"3":51,"4":22,"5":5,"6":3,"7":143,"8":32,"9":9,"10":23,"11":8,"12":2,"13":7,"14":2,"15":3,"16":3},"b":{"0":[29,22],"1":[7,15],"2":[2,20],"3":[1,1],"4":[4,16],"5":[1,3],"6":[79,64],"7":[32,0],"8":[1,8],"9":[8,15],"10":[8,0],"11":[7,1],"12":[8,8],"13":[7,1],"14":[1,1],"15":[2,1],"16":[1,1],"17":[0],"18":[2,1],"19":[1,1],"20":[1,1]}}
}
