TN:
SF:services/constellusService.ts
FN:12,(anonymous_0)
FN:34,(anonymous_1)
FN:38,(anonymous_2)
FN:44,(anonymous_3)
FN:60,(anonymous_4)
FN:80,(anonymous_5)
FN:90,(anonymous_6)
FN:100,(anonymous_7)
FN:104,(anonymous_8)
FN:115,(anonymous_9)
FN:125,(anonymous_10)
FN:150,(anonymous_11)
FN:154,(anonymous_12)
FN:165,(anonymous_13)
FN:173,(anonymous_14)
FN:195,(anonymous_15)
FN:227,(anonymous_16)
FNF:17
FNH:17
FNDA:10,(anonymous_0)
FNDA:15,(anonymous_1)
FNDA:29,(anonymous_2)
FNDA:51,(anonymous_3)
FNDA:22,(anonymous_4)
FNDA:5,(anonymous_5)
FNDA:3,(anonymous_6)
FNDA:143,(anonymous_7)
FNDA:32,(anonymous_8)
FNDA:9,(anonymous_9)
FNDA:23,(anonymous_10)
FNDA:8,(anonymous_11)
FNDA:2,(anonymous_12)
FNDA:7,(anonymous_13)
FNDA:2,(anonymous_14)
FNDA:3,(anonymous_15)
FNDA:3,(anonymous_16)
DA:12,10
DA:29,1
DA:30,15
DA:31,15
DA:35,15
DA:39,29
DA:40,29
DA:41,29
DA:45,51
DA:46,29
DA:49,22
DA:50,7
DA:52,15
DA:56,22
DA:57,22
DA:61,22
DA:64,22
DA:65,2
DA:66,1
DA:68,2
DA:71,20
DA:72,4
DA:73,1
DA:75,4
DA:77,16
DA:81,5
DA:82,5
DA:83,5
DA:84,5
DA:85,5
DA:86,5
DA:87,5
DA:91,3
DA:92,3
DA:93,3
DA:94,3
DA:95,3
DA:96,3
DA:97,3
DA:101,143
DA:105,32
DA:116,9
DA:117,1
DA:120,8
DA:121,8
DA:122,8
DA:131,23
DA:133,8
DA:134,8
DA:136,8
DA:137,7
DA:140,8
DA:141,7
DA:151,8
DA:155,2
DA:165,1
DA:166,7
DA:174,2
DA:179,2
DA:180,2
DA:181,2
DA:182,1
DA:184,1
DA:186,2
DA:196,3
DA:197,3
DA:198,3
DA:199,3
DA:201,3
DA:203,3
DA:204,2
DA:205,2
DA:206,1
DA:208,1
DA:210,2
DA:215,2
DA:216,2
DA:218,3
DA:228,3
DA:229,2
DA:230,2
DA:231,1
DA:233,1
DA:238,2
DA:239,2
DA:240,2
DA:242,2
DA:243,2
DA:244,1
DA:246,1
DA:248,2
DA:250,1
LF:92
LH:92
BRDA:45,0,0,29
BRDA:45,0,1,22
BRDA:49,1,0,7
BRDA:49,1,1,15
BRDA:64,2,0,2
BRDA:64,2,1,20
BRDA:65,3,0,1
BRDA:65,3,1,1
BRDA:71,4,0,4
BRDA:71,4,1,16
BRDA:72,5,0,1
BRDA:72,5,1,3
BRDA:101,6,0,79
BRDA:101,6,1,64
BRDA:105,7,0,32
BRDA:105,7,1,0
BRDA:116,8,0,1
BRDA:116,8,1,8
BRDA:131,9,0,8
BRDA:131,9,1,15
BRDA:133,10,0,8
BRDA:133,10,1,0
BRDA:136,11,0,7
BRDA:136,11,1,1
BRDA:136,12,0,8
BRDA:136,12,1,8
BRDA:140,13,0,7
BRDA:140,13,1,1
BRDA:181,14,0,1
BRDA:181,14,1,1
BRDA:203,15,0,2
BRDA:203,15,1,1
BRDA:205,16,0,1
BRDA:205,16,1,1
BRDA:227,17,0,0
BRDA:228,18,0,2
BRDA:228,18,1,1
BRDA:230,19,0,1
BRDA:230,19,1,1
BRDA:243,20,0,1
BRDA:243,20,1,1
BRF:41
BRH:38
end_of_record
